<?xml version="1.0" encoding="UTF-8"?>
<!-- Generated by org.testng.reporters.JUnitXMLReporter -->
<testsuite hostname="DESKTOP-4BO2VIC" ignored="2" name="Default test" tests="1" failures="0" timestamp="30 Jul 2019 16:29:41 GMT" time="0.034" errors="0">
  <testcase name="mobileLoginAndroid" time="0.007" classname="testngParameter.Login"/>
  <testcase name="riaLogin" time="0.0" classname="testngParameter.Login">
    <ignored/>
  </testcase> <!-- riaLogin -->
  <testcase name="webLogin" time="0.0" classname="testngParameter.Login">
    <ignored/>
  </testcase> <!-- webLogin -->
</testsuite> <!-- Default test -->
