<?xml version="1.0" encoding="UTF-8"?>
<!-- Generated by org.testng.reporters.JUnitXMLReporter -->
<testsuite hostname="DESKTOP-4BO2VIC" ignored="0" name="Test" tests="12" failures="0" timestamp="30 Jul 2019 09:09:28 GMT" time="0.091" errors="0">
  <testcase name="apply" time="0.01" classname="testng.CarLoan"/>
  <testcase name="complete" time="0.001" classname="testng.CarLoan"/>
  <testcase name="process" time="0.001" classname="testng.CarLoan"/>
  <testcase name="rejected" time="0.002" classname="testng.CarLoan"/>
  <testcase name="apply" time="0.003" classname="testng.CreditCard"/>
  <testcase name="complete" time="0.004" classname="testng.CreditCard"/>
  <testcase name="process" time="0.001" classname="testng.CreditCard"/>
  <testcase name="rejected" time="0.002" classname="testng.CreditCard"/>
  <testcase name="apply" time="0.001" classname="testng.HomeLoan"/>
  <testcase name="complete" time="0.003" classname="testng.HomeLoan"/>
  <testcase name="process" time="0.005" classname="testng.HomeLoan"/>
  <testcase name="rejected" time="0.001" classname="testng.HomeLoan"/>
</testsuite> <!-- Test -->
