<?xml version="1.0" encoding="UTF-8"?>
<!-- Generated by org.testng.reporters.JUnitXMLReporter -->
<testsuite hostname="DESKTOP-4BO2VIC" ignored="0" name="Bank" tests="8" failures="0" timestamp="30 Jul 2019 15:22:45 GMT" time="0.056" errors="0">
  <testcase name="enterNickName" time="0.005" classname="testng.BankLoginGetData"/>
  <testcase name="enterNickName" time="0.002" classname="testng.BankLoginGetData"/>
  <testcase name="enterNickName" time="0.002" classname="testng.BankLoginGetData"/>
  <testcase name="selectNickName" time="0.001" classname="testng.BankLoginGetData"/>
  <testcase name="clickLogin" time="0.001" classname="testng.BankLoginGetData"/>
  <testcase name="enterOTP" time="0.001" classname="testng.BankLoginGetData"/>
  <testcase name="clickSecureLogin" time="0.003" classname="testng.BankLoginGetData"/>
  <testcase name="webLogout" time="0.001" classname="testng.BankLoginGetData"/>
</testsuite> <!-- Bank -->
