<?xml version="1.0" encoding="UTF-8"?>
<testng-results skipped="0" failed="0" ignored="2" total="3" passed="1">
  <reporter-output>
  </reporter-output>
  <suite name="Default suite" duration-ms="34" started-at="2019-07-30T16:29:41Z" finished-at="2019-07-30T16:29:41Z">
    <groups>
    </groups>
    <test name="Default test" duration-ms="34" started-at="2019-07-30T16:29:41Z" finished-at="2019-07-30T16:29:41Z">
      <class name="testngParameter.Login">
        <test-method status="PASS" signature="Login()[pri:0, instance:testngParameter.Login@7f9a81e8]" name="Login" is-config="true" duration-ms="10" started-at="2019-07-30T16:29:41Z" finished-at="2019-07-30T16:29:41Z">
          <reporter-output>
          </reporter-output>
        </test-method> <!-- Login -->
        <test-method status="PASS" signature="mobileLoginAndroid()[pri:0, instance:testngParameter.Login@7f9a81e8]" name="mobileLoginAndroid" duration-ms="7" started-at="2019-07-30T16:29:41Z" finished-at="2019-07-30T16:29:41Z">
          <reporter-output>
          </reporter-output>
        </test-method> <!-- mobileLoginAndroid -->
      </class> <!-- testngParameter.Login -->
    </test> <!-- Default test -->
  </suite> <!-- Default suite -->
</testng-results>
