<?xml version="1.0" encoding="UTF-8"?>
<!-- Generated by org.testng.reporters.JUnitXMLReporter -->
<testsuite hostname="DESKTOP-4BO2VIC" ignored="14" name="Smoke testing" tests="3" failures="0" timestamp="30 Jul 2019 11:40:22 GMT" time="0.039" errors="0">
  <testcase name="process" time="0.01" classname="testng.CarLoan"/>
  <testcase name="process" time="0.002" classname="testng.HomeLoan"/>
  <testcase name="process" time="0.002" classname="testng.CreditCard"/>
  <testcase name="complete" time="0.0" classname="testng.CarLoan">
    <ignored/>
  </testcase> <!-- complete -->
  <testcase name="apply" time="0.0" classname="testng.CarLoan">
    <ignored/>
  </testcase> <!-- apply -->
  <testcase name="rejected" time="0.0" classname="testng.CarLoan">
    <ignored/>
  </testcase> <!-- rejected -->
  <testcase name="onhold" time="0.0" classname="testng.HomeLoan">
    <ignored/>
  </testcase> <!-- onhold -->
  <testcase name="complete" time="0.0" classname="testng.HomeLoan">
    <ignored/>
  </testcase> <!-- complete -->
  <testcase name="complete" time="0.0" classname="testng.CreditCard">
    <ignored/>
  </testcase> <!-- complete -->
  <testcase name="mobileLoginiOS" time="0.0" classname="testng.Login">
    <ignored/>
  </testcase> <!-- mobileLoginiOS -->
  <testcase name="apply" time="0.0" classname="testng.CreditCard">
    <ignored/>
  </testcase> <!-- apply -->
  <testcase name="rejected" time="0.0" classname="testng.CreditCard">
    <ignored/>
  </testcase> <!-- rejected -->
  <testcase name="mobileLoginAndroid" time="0.0" classname="testng.Login">
    <ignored/>
  </testcase> <!-- mobileLoginAndroid -->
  <testcase name="webLogin" time="0.0" classname="testng.Login">
    <ignored/>
  </testcase> <!-- webLogin -->
  <testcase name="apply" time="0.0" classname="testng.HomeLoan">
    <ignored/>
  </testcase> <!-- apply -->
  <testcase name="rejected" time="0.0" classname="testng.HomeLoan">
    <ignored/>
  </testcase> <!-- rejected -->
  <testcase name="riaLogin" time="0.0" classname="testng.Login">
    <ignored/>
  </testcase> <!-- riaLogin -->
</testsuite> <!-- Smoke testing -->
