<?xml version="1.0" encoding="UTF-8"?>
<!-- Generated by org.testng.reporters.JUnitXMLReporter -->
<testsuite hostname="DESKTOP-4BO2VIC" ignored="0" name="car Loan" tests="8" failures="0" timestamp="30 Jul 2019 09:33:48 GMT" time="0.057" errors="0">
  <testcase name="apply" time="0.012" classname="testng.CarLoan"/>
  <testcase name="complete" time="0.002" classname="testng.CarLoan"/>
  <testcase name="process" time="0.002" classname="testng.CarLoan"/>
  <testcase name="rejected" time="0.002" classname="testng.CarLoan"/>
  <testcase name="apply" time="0.001" classname="testng.HomeLoan"/>
  <testcase name="complete" time="0.002" classname="testng.HomeLoan"/>
  <testcase name="process" time="0.002" classname="testng.HomeLoan"/>
  <testcase name="rejected" time="0.002" classname="testng.HomeLoan"/>
</testsuite> <!-- car Loan -->
