<?xml version="1.0" encoding="UTF-8"?>
<!-- Generated by org.testng.reporters.JUnitXMLReporter -->
<testsuite hostname="DESKTOP-4BO2VIC" ignored="3" name="Credit card" tests="1" failures="0" timestamp="30 Jul 2019 11:09:02 GMT" time="0.004" errors="0">
  <testcase name="apply" time="0.001" classname="testng.CreditCard"/>
  <testcase name="rejected" time="0.0" classname="testng.CreditCard">
    <ignored/>
  </testcase> <!-- rejected -->
  <testcase name="process" time="0.0" classname="testng.CreditCard">
    <ignored/>
  </testcase> <!-- process -->
  <testcase name="complete" time="0.0" classname="testng.CreditCard">
    <ignored/>
  </testcase> <!-- complete -->
</testsuite> <!-- Credit card -->
