<?xml version="1.0" encoding="UTF-8"?>
<!-- Generated by org.testng.reporters.JUnitXMLReporter -->
<testsuite hostname="DESKTOP-4BO2VIC" ignored="1" name="Loan" tests="7" failures="0" timestamp="30 Jul 2019 14:42:03 GMT" time="0.082" errors="0">
  <testcase name="selectNickName" time="0.005" classname="testng.KotakBankLoginParameter"/>
  <testcase name="enterNickName" time="0.001" classname="testng.KotakBankLoginParameter"/>
  <testcase name="clickLogin" time="0.001" classname="testng.KotakBankLoginParameter"/>
  <testcase name="enterOTP" time="0.001" classname="testng.KotakBankLoginParameter"/>
  <testcase name="clickSecureLogin" time="0.001" classname="testng.KotakBankLoginParameter"/>
  <testcase name="accountStatement" time="0.015" classname="testng.KotakBankLoginParameter"/>
  <testcase name="webLogout" time="0.001" classname="testng.KotakBankLoginParameter"/>
  <testcase name="accountSummary" time="0.0" classname="testng.KotakBankLoginParameter">
    <ignored/>
  </testcase> <!-- accountSummary -->
</testsuite> <!-- Loan -->
