<?xml version="1.0" encoding="UTF-8"?>
<!-- Generated by org.testng.reporters.JUnitXMLReporter -->
<testsuite hostname="DESKTOP-4BO2VIC" ignored="3" name="Login" tests="1" failures="0" timestamp="30 Jul 2019 11:09:02 GMT" time="0.004" errors="0">
  <testcase name="webLogin" time="0.002" classname="testng.Login"/>
  <testcase name="mobileLoginAndroid" time="0.0" classname="testng.Login">
    <ignored/>
  </testcase> <!-- mobileLoginAndroid -->
  <testcase name="riaLogin" time="0.0" classname="testng.Login">
    <ignored/>
  </testcase> <!-- riaLogin -->
  <testcase name="mobileLoginiOS" time="0.0" classname="testng.Login">
    <ignored/>
  </testcase> <!-- mobileLoginiOS -->
</testsuite> <!-- Login -->
